Arguments: 
  /Users/mvenosa/.nvm/versions/node/v8.1.4/bin/node /Users/mvenosa/.nvm/versions/node/v8.1.4/bin/yarn install

PATH: 
  /Users/mvenosa/.nvm/versions/node/v8.1.4/bin:/Users/mvenosa/.yarn/bin:/usr/local/bin:/usr/bin:/bin:/usr/sbin:/sbin

Yarn version: 
  1.9.4

Node version: 
  8.1.4

Platform: 
  darwin x64

Trace: 
  Error: https://registry.yarnpkg.com/bcrypt-nodejs: ETIMEDOUT
      at Timeout._onTimeout (/Users/mvenosa/.nvm/versions/node/v8.1.4/lib/node_modules/yarn/lib/cli.js:138128:19)
      at ontimeout (timers.js:488:11)
      at tryOnTimeout (timers.js:323:5)
      at Timer.listOnTimeout (timers.js:283:5)

npm manifest: 
  {
      "name": "TAMU-API",
      "version": "1.0.0",
      "main": "./build/index.js",
      "description": "Servidor do Laboratório de Embarcados",
      "author": "Matheus Freitas Venosa, Tiago Sueda, José Suen",
      "license": "MIT",
      "scripts": {
          "server": "tsc && nodemon ./build/index.js",
          "start": "node ./build/index.js",
          "ts:watch": "tsc -w",
          "test": "echo \"Error: no test specified\" && exit 1"
      },
      "files": [
          "src"
      ],
      "dependencies": {
          "bcrypt-nodejs": "^0.0.3",
          "body-parser": "1.18.2",
          "bonjour": "^3.5.0",
          "chalk": "^2.4.1",
          "compression": "1.7.1",
          "cookie-parser": "1.4.3",
          "cors": "2.8.4",
          "dotenv": "^4.0.0",
          "express": "4.16.2",
          "express-custom-responses": "^1.0.0",
          "express-winston": "^2.5.1",
          "helmet": "3.9.0",
          "http-errors": "^1.6.3",
          "lodash": "4.17.4",
          "ts-node": "^6.2.0",
          "typescript": "2.6.2"
      },
      "devDependencies": {
          "@types/body-parser": "1.16.8",
          "@types/cookie-parser": "1.4.1",
          "@types/cors": "2.8.3",
          "@types/express": "4.11.0",
          "@types/node": "8.5.5",
          "nodemon": "1.14.7",
          "tslint": "5.8.0",
          "tslint-config-airbnb": "^5.8.0",
          "typescript": "2.6.2"
      }
  }

yarn manifest: 
  No manifest

Lockfile: 
  No lockfile
